<?xml version="1.0" encoding="UTF-8"?>
<!-- Generated by org.testng.reporters.JUnitReportReporter -->
<testsuite hostname="LAPTOP-L8UGKGD9" failures="0" tests="1" name="com.Shopnow.utlities.ReadEmail" time="2.701" errors="0" timestamp="2024-03-10T08:49:31 IST" skipped="0">
  <testcase classname="com.Shopnow.utlities.ReadEmail" name="main" time="2.701"/>
  <system-out/>
</testsuite> <!-- com.Shopnow.utlities.ReadEmail -->
