<?xml version="1.0" encoding="UTF-8"?>
<!-- Generated by org.testng.reporters.JUnitReportReporter -->
<testsuite hostname="LAPTOP-L8UGKGD9" failures="0" tests="1" name="com.Shopnow.testcases.testDemo" time="0.006" errors="0" timestamp="2024-03-06T11:02:18 IST" skipped="0">
  <testcase classname="com.Shopnow.testcases.testDemo" name="demo" time="0.006"/>
  <system-out/>
</testsuite> <!-- com.Shopnow.testcases.testDemo -->
